TN:
SF:src/config/index.ts
FNF:0
FNH:0
DA:1,4
DA:2,4
DA:4,4
LF:3
LH:3
BRDA:5,0,0,4
BRDA:5,0,1,4
BRDA:6,1,0,4
BRDA:6,1,1,4
BRDA:7,2,0,4
BRDA:7,2,1,4
BRDA:8,3,0,4
BRDA:8,3,1,4
BRDA:9,4,0,4
BRDA:9,4,1,0
BRDA:10,5,0,4
BRDA:10,5,1,4
BRDA:11,6,0,4
BRDA:11,6,1,4
BRF:14
BRH:13
end_of_record
TN:
SF:src/core/index.ts
FN:20,createProtocol
FNF:1
FNH:1
FNDA:13,createProtocol
DA:1,2
DA:2,2
DA:3,2
DA:4,2
DA:5,2
DA:6,2
DA:7,2
DA:8,2
DA:9,2
DA:11,2
DA:13,2
DA:14,2
DA:15,2
DA:16,2
DA:17,2
DA:18,2
DA:20,2
DA:21,13
DA:23,1
DA:25,1
DA:27,1
DA:29,2
DA:31,6
DA:33,1
DA:35,1
LF:25
LH:25
BRDA:21,0,0,1
BRDA:21,0,1,1
BRDA:21,0,2,1
BRDA:21,0,3,2
BRDA:21,0,4,6
BRDA:21,0,5,1
BRDA:21,0,6,1
BRF:7
BRH:7
end_of_record
TN:
SF:src/core/hardware/adapter.ts
FN:4,(anonymous_0)
FN:17,(anonymous_1)
FN:27,(anonymous_2)
FN:31,(anonymous_3)
FN:36,(anonymous_4)
FN:37,(anonymous_5)
FNF:6
FNH:1
FNDA:2,(anonymous_0)
FNDA:0,(anonymous_1)
FNDA:0,(anonymous_2)
FNDA:0,(anonymous_3)
FNDA:0,(anonymous_4)
FNDA:0,(anonymous_5)
DA:2,2
DA:4,2
DA:5,2
DA:6,2
DA:7,2
DA:8,2
DA:17,2
DA:18,0
DA:28,0
DA:32,0
DA:33,0
DA:37,0
LF:12
LH:7
BRDA:4,0,0,2
BRDA:4,0,1,2
BRF:2
BRH:2
end_of_record
TN:
SF:src/core/hardware/elm327.ts
FN:5,(anonymous_0)
FN:9,(anonymous_1)
FN:23,(anonymous_2)
FN:28,(anonymous_3)
FN:34,(anonymous_4)
FN:49,(anonymous_5)
FNF:6
FNH:0
FNDA:0,(anonymous_0)
FNDA:0,(anonymous_1)
FNDA:0,(anonymous_2)
FNDA:0,(anonymous_3)
FNDA:0,(anonymous_4)
FNDA:0,(anonymous_5)
DA:1,2
DA:2,2
DA:3,2
DA:5,2
DA:6,0
DA:7,0
DA:10,0
DA:11,0
DA:12,0
DA:14,0
DA:15,0
DA:16,0
DA:17,0
DA:18,0
DA:19,0
DA:20,0
DA:24,0
DA:25,0
DA:30,0
DA:31,0
DA:35,0
DA:36,0
DA:50,0
DA:51,0
DA:53,0
LF:25
LH:4
BRDA:38,0,0,0
BRDA:38,0,1,0
BRF:2
BRH:0
end_of_record
TN:
SF:src/core/protocols/base.ts
FN:16,(anonymous_0)
FN:31,(anonymous_1)
FN:35,(anonymous_2)
FN:39,(anonymous_3)
FN:42,(anonymous_4)
FN:45,(anonymous_5)
FN:54,(anonymous_6)
FN:59,(anonymous_7)
FNF:8
FNH:6
FNDA:29,(anonymous_0)
FNDA:8,(anonymous_1)
FNDA:2,(anonymous_2)
FNDA:2,(anonymous_3)
FNDA:6,(anonymous_4)
FNDA:0,(anonymous_5)
FNDA:20,(anonymous_6)
FNDA:0,(anonymous_7)
DA:1,3
DA:9,3
DA:11,3
DA:13,29
DA:17,29
DA:32,8
DA:36,2
DA:40,2
DA:41,2
DA:42,6
DA:46,0
DA:47,0
DA:48,0
DA:49,0
DA:51,0
DA:55,20
DA:56,20
DA:60,0
DA:61,0
LF:19
LH:12
BRDA:16,0,0,0
BRDA:40,1,0,0
BRDA:40,2,0,2
BRDA:40,2,1,2
BRF:4
BRH:2
end_of_record
TN:
SF:src/core/protocols/iso_14230.ts
FN:7,(anonymous_0)
FN:11,(anonymous_1)
FN:18,(anonymous_2)
FN:22,(anonymous_3)
FN:31,(anonymous_4)
FN:37,(anonymous_5)
FNF:6
FNH:3
FNDA:4,(anonymous_0)
FNDA:2,(anonymous_1)
FNDA:0,(anonymous_2)
FNDA:1,(anonymous_3)
FNDA:0,(anonymous_4)
FNDA:0,(anonymous_5)
DA:1,3
DA:2,3
DA:4,3
DA:5,4
DA:8,4
DA:12,2
DA:15,2
DA:19,0
DA:23,1
DA:24,1
DA:32,0
DA:33,0
DA:36,0
DA:37,0
DA:38,0
LF:15
LH:9
BRDA:32,0,0,0
BRF:1
BRH:0
end_of_record
TN:
SF:src/core/protocols/iso_15765.ts
FN:7,(anonymous_0)
FN:17,(anonymous_1)
FN:24,(anonymous_2)
FN:28,(anonymous_3)
FN:38,(anonymous_4)
FN:45,(anonymous_5)
FNF:6
FNH:6
FNDA:10,(anonymous_0)
FNDA:4,(anonymous_1)
FNDA:1,(anonymous_2)
FNDA:2,(anonymous_3)
FNDA:1,(anonymous_4)
FNDA:2,(anonymous_5)
DA:1,3
DA:2,3
DA:4,3
DA:5,10
DA:8,10
DA:18,4
DA:21,4
DA:25,1
DA:30,2
DA:31,2
DA:39,1
DA:40,0
DA:43,1
DA:44,1
DA:45,2
DA:46,1
LF:16
LH:15
BRDA:7,0,0,10
BRDA:30,1,0,2
BRDA:30,1,1,0
BRDA:39,2,0,0
BRF:4
BRH:2
end_of_record
TN:
SF:src/core/protocols/iso_27145.ts
FN:7,(anonymous_0)
FN:11,(anonymous_1)
FN:18,(anonymous_2)
FN:22,(anonymous_3)
FN:32,(anonymous_4)
FN:38,(anonymous_5)
FNF:6
FNH:2
FNDA:3,(anonymous_0)
FNDA:0,(anonymous_1)
FNDA:0,(anonymous_2)
FNDA:1,(anonymous_3)
FNDA:0,(anonymous_4)
FNDA:0,(anonymous_5)
DA:1,3
DA:2,3
DA:4,3
DA:5,3
DA:8,3
DA:12,0
DA:15,0
DA:19,0
DA:24,1
DA:25,1
DA:33,0
DA:34,0
DA:36,0
DA:38,0
DA:39,0
LF:15
LH:7
BRDA:33,0,0,0
BRF:1
BRH:0
end_of_record
TN:
SF:src/core/protocols/iso_9141_2.ts
FN:7,(anonymous_0)
FN:11,(anonymous_1)
FN:18,(anonymous_2)
FN:22,(anonymous_3)
FN:31,(anonymous_4)
FN:37,(anonymous_5)
FNF:6
FNH:2
FNDA:3,(anonymous_0)
FNDA:1,(anonymous_1)
FNDA:0,(anonymous_2)
FNDA:0,(anonymous_3)
FNDA:0,(anonymous_4)
FNDA:0,(anonymous_5)
DA:1,3
DA:2,3
DA:4,3
DA:5,3
DA:8,3
DA:12,1
DA:15,1
DA:19,0
DA:23,0
DA:24,0
DA:32,0
DA:33,0
DA:36,0
DA:37,0
DA:38,0
LF:15
LH:7
BRDA:32,0,0,0
BRF:1
BRH:0
end_of_record
TN:
SF:src/core/protocols/sae_j1850_pwm.ts
FN:7,(anonymous_0)
FN:11,(anonymous_1)
FN:18,(anonymous_2)
FN:22,(anonymous_3)
FN:31,(anonymous_4)
FNF:5
FNH:4
FNDA:6,(anonymous_0)
FNDA:1,(anonymous_1)
FNDA:0,(anonymous_2)
FNDA:1,(anonymous_3)
FNDA:1,(anonymous_4)
DA:1,3
DA:2,3
DA:4,3
DA:5,6
DA:8,6
DA:12,1
DA:15,1
DA:19,0
DA:23,1
DA:24,1
DA:32,1
DA:33,1
DA:35,0
DA:36,0
LF:14
LH:11
BRDA:32,0,0,1
BRF:1
BRH:1
end_of_record
TN:
SF:src/core/protocols/sae_j1850_vpw.ts
FN:7,(anonymous_0)
FN:11,(anonymous_1)
FN:17,(anonymous_2)
FN:21,(anonymous_3)
FN:30,(anonymous_4)
FNF:5
FNH:3
FNDA:3,(anonymous_0)
FNDA:1,(anonymous_1)
FNDA:1,(anonymous_2)
FNDA:0,(anonymous_3)
FNDA:0,(anonymous_4)
DA:1,3
DA:2,3
DA:4,3
DA:5,3
DA:8,3
DA:12,1
DA:14,1
DA:18,1
DA:22,0
DA:23,0
DA:31,0
DA:32,0
DA:34,0
DA:35,0
LF:14
LH:8
BRDA:31,0,0,0
BRF:1
BRH:0
end_of_record
TN:
SF:src/pids/standard/emissions.ts
FN:13,(anonymous_0)
FN:24,(anonymous_1)
FN:35,(anonymous_2)
FN:46,(anonymous_3)
FN:57,(anonymous_4)
FN:68,(anonymous_5)
FN:79,(anonymous_6)
FNF:7
FNH:0
FNDA:0,(anonymous_0)
FNDA:0,(anonymous_1)
FNDA:0,(anonymous_2)
FNDA:0,(anonymous_3)
FNDA:0,(anonymous_4)
FNDA:0,(anonymous_5)
FNDA:0,(anonymous_6)
DA:1,2
DA:3,2
DA:13,0
DA:24,0
DA:35,0
DA:46,0
DA:57,0
DA:68,0
DA:79,0
LF:9
LH:2
BRF:0
BRH:0
end_of_record
TN:
SF:src/pids/standard/engine.ts
FN:13,(anonymous_0)
FN:24,(anonymous_1)
FN:35,(anonymous_2)
FN:46,(anonymous_3)
FN:57,(anonymous_4)
FN:68,(anonymous_5)
FN:79,(anonymous_6)
FN:90,(anonymous_7)
FN:101,(anonymous_8)
FNF:9
FNH:4
FNDA:1,(anonymous_0)
FNDA:1,(anonymous_1)
FNDA:3,(anonymous_2)
FNDA:1,(anonymous_3)
FNDA:0,(anonymous_4)
FNDA:0,(anonymous_5)
FNDA:0,(anonymous_6)
FNDA:0,(anonymous_7)
FNDA:0,(anonymous_8)
DA:1,3
DA:3,3
DA:13,1
DA:24,1
DA:35,3
DA:46,1
DA:57,0
DA:68,0
DA:79,0
DA:90,0
DA:101,0
LF:11
LH:6
BRF:0
BRH:0
end_of_record
TN:
SF:src/pids/standard/fuel.ts
FN:13,(anonymous_0)
FN:24,(anonymous_1)
FN:35,(anonymous_2)
FN:46,(anonymous_3)
FN:57,(anonymous_4)
FN:68,(anonymous_5)
FN:79,(anonymous_6)
FNF:7
FNH:2
FNDA:0,(anonymous_0)
FNDA:0,(anonymous_1)
FNDA:0,(anonymous_2)
FNDA:1,(anonymous_3)
FNDA:0,(anonymous_4)
FNDA:1,(anonymous_5)
FNDA:0,(anonymous_6)
DA:1,2
DA:3,2
DA:13,0
DA:24,0
DA:35,0
DA:46,1
DA:57,0
DA:68,1
DA:79,0
LF:9
LH:4
BRF:0
BRH:0
end_of_record
TN:
SF:src/pids/standard/index.ts
FN:17,findPID
FN:18,(anonymous_5)
FNF:2
FNH:2
FNDA:3,findPID
FNDA:29,(anonymous_5)
DA:1,2
DA:2,2
DA:3,2
DA:4,2
DA:7,2
DA:8,2
DA:9,2
DA:11,2
DA:17,2
DA:18,29
LF:10
LH:10
BRDA:18,0,0,29
BRDA:18,0,1,29
BRF:2
BRH:2
end_of_record
TN:
SF:src/pids/standard/modes.ts
FNF:0
FNH:0
DA:1,2
DA:14,2
LF:2
LH:2
BRF:0
BRH:0
end_of_record
TN:
SF:src/services/diagnostic.ts
FN:9,(anonymous_0)
FN:12,(anonymous_1)
FN:28,(anonymous_2)
FN:37,(anonymous_3)
FN:57,(anonymous_4)
FN:68,(anonymous_5)
FN:78,(anonymous_6)
FNF:7
FNH:6
FNDA:6,(anonymous_0)
FNDA:4,(anonymous_1)
FNDA:4,(anonymous_2)
FNDA:1,(anonymous_3)
FNDA:0,(anonymous_4)
FNDA:1,(anonymous_5)
FNDA:1,(anonymous_6)
DA:1,1
DA:4,1
DA:5,1
DA:6,1
DA:7,1
DA:9,1
DA:10,6
DA:13,4
DA:23,4
DA:24,4
DA:25,4
DA:29,4
DA:30,4
DA:31,3
DA:32,3
DA:33,3
DA:34,3
DA:38,1
DA:39,1
DA:40,0
DA:42,1
DA:43,1
DA:44,0
DA:45,0
DA:47,1
DA:48,1
DA:49,1
DA:50,1
DA:51,1
DA:52,1
DA:54,1
DA:58,0
DA:59,0
DA:60,0
DA:61,0
DA:62,0
DA:63,0
DA:64,0
DA:65,0
DA:69,1
DA:70,1
DA:71,1
DA:72,1
DA:73,1
DA:74,1
DA:75,1
DA:79,1
DA:83,1
LF:48
LH:37
BRDA:30,0,0,1
BRDA:39,1,0,0
BRDA:39,2,0,1
BRDA:39,2,1,1
BRDA:43,3,0,0
BRDA:49,4,0,0
BRDA:49,5,0,1
BRDA:49,5,1,1
BRDA:51,6,0,1
BRDA:59,7,0,0
BRDA:62,8,0,0
BRDA:62,9,0,0
BRDA:62,9,1,0
BRDA:70,10,0,0
BRF:14
BRH:6
end_of_record
TN:
SF:src/types/diagnostic.ts
FN:4,(anonymous_0)
FNF:1
FNH:1
FNDA:1,(anonymous_0)
DA:4,1
DA:5,1
DA:6,1
DA:7,1
DA:8,1
DA:9,1
LF:6
LH:6
BRDA:4,0,0,1
BRDA:4,0,1,1
BRF:2
BRH:2
end_of_record
TN:
SF:src/types/pid.ts
FN:1,(anonymous_0)
FNF:1
FNH:1
FNDA:3,(anonymous_0)
DA:1,3
DA:2,3
DA:3,3
DA:4,3
DA:5,3
DA:6,3
DA:7,3
DA:8,3
DA:9,3
DA:10,3
DA:11,3
LF:11
LH:11
BRDA:1,0,0,3
BRDA:1,0,1,3
BRF:2
BRH:2
end_of_record
TN:
SF:src/types/protocol.ts
FN:1,(anonymous_0)
FN:11,(anonymous_1)
FNF:2
FNH:2
FNDA:3,(anonymous_0)
FNDA:3,(anonymous_1)
DA:1,3
DA:2,3
DA:3,3
DA:4,3
DA:5,3
DA:6,3
DA:7,3
DA:8,3
DA:11,3
DA:12,3
DA:13,3
DA:14,3
DA:15,3
LF:13
LH:13
BRDA:1,0,0,3
BRDA:1,0,1,3
BRDA:11,1,0,3
BRDA:11,1,1,3
BRF:4
BRH:4
end_of_record
TN:
SF:src/utils/logger.ts
FNF:0
FNH:0
DA:1,4
DA:2,4
DA:4,4
LF:3
LH:3
BRF:0
BRH:0
end_of_record
TN:
SF:src/utils/obd_parser.ts
FN:6,(anonymous_0)
FN:16,(anonymous_1)
FN:20,(anonymous_2)
FN:35,(anonymous_3)
FN:48,(anonymous_4)
FN:65,(anonymous_5)
FN:75,(anonymous_6)
FN:78,(anonymous_7)
FN:82,(anonymous_8)
FN:83,(anonymous_9)
FNF:10
FNH:8
FNDA:2,(anonymous_0)
FNDA:2,(anonymous_1)
FNDA:8,(anonymous_2)
FNDA:1,(anonymous_3)
FNDA:3,(anonymous_4)
FNDA:3,(anonymous_5)
FNDA:0,(anonymous_6)
FNDA:0,(anonymous_7)
FNDA:1,(anonymous_8)
FNDA:4,(anonymous_9)
DA:3,2
DA:5,2
DA:7,2
DA:8,2
DA:9,2
DA:10,8
DA:11,8
DA:13,2
DA:17,2
DA:18,2
DA:20,8
DA:21,2
DA:22,2
DA:30,0
DA:31,0
DA:36,1
DA:37,1
DA:38,1
DA:39,4
DA:40,4
DA:41,2
DA:42,2
DA:45,1
DA:49,3
DA:50,3
DA:51,3
DA:52,3
DA:53,3
DA:54,3
DA:55,3
DA:56,3
DA:57,3
DA:66,3
DA:67,2
DA:68,1
DA:69,0
DA:70,0
DA:71,0
DA:76,0
DA:78,0
DA:79,0
DA:83,4
DA:87,2
LF:43
LH:35
BRDA:11,0,0,8
BRDA:40,1,0,2
BRDA:40,2,0,4
BRDA:40,2,1,3
BRDA:42,3,0,2
BRDA:49,4,0,0
BRDA:66,5,0,2
BRDA:66,5,1,1
BRDA:66,5,2,0
BRDA:66,5,3,0
BRDA:66,5,4,0
BRF:11
BRH:7
end_of_record
